2025-09-15 10:16:16,133 [INFO] Activator:176 - 


2025-09-15 10:16:16,139 [INFO] Activator:177 - !SESSION log4j initialized
2025-09-15 10:16:21,844 [INFO] LogOutputStream:77 - [STDOUT_REDIRECT] 
2025-09-15 10:16:28,386 [INFO] ApplicationProperties:184 - Using Application install path: C:\ST\STM32CubeIDE_1.19.0\STM32CubeIDE\plugins\com.st.stm32cube.common.mx_6.15.0.202507011659
2025-09-15 10:16:28,419 [INFO] DbMcusXml:78 - Set database path to: C:\ST\STM32CubeIDE_1.19.0\STM32CubeIDE\plugins\com.st.stm32cube.common.mx_6.15.0.202507011659\\db\/mcu/
2025-09-15 10:16:28,419 [INFO] ApiDb:274 - Set plugin database path to: C:\ST\STM32CubeIDE_1.19.0\STM32CubeIDE\plugins\com.st.stm32cube.common.mx_6.15.0.202507011659\\db\/plugins/boardmanager/
2025-09-15 10:16:28,420 [WARN] ApiDb:259 - Overriding images path with different value:  => C:\ST\STM32CubeIDE_1.19.0\STM32CubeIDE\plugins\com.st.stm32cube.common.mx_6.15.0.202507011659\\db\/plugins/mcufinder/images/
2025-09-15 10:16:28,429 [INFO] ApiDb:250 - Set database path to: C:\Users\NITRO\.stmcufinder\plugins\mcufinder//mcu/
2025-09-15 10:16:28,430 [INFO] DbMcusAds:125 - Set database path to: C:\Users\NITRO\.stmcufinder\plugins\mcufinder//mcu/
2025-09-15 10:16:28,434 [INFO] CrossReferenceDbSqlite:203 - Set database path to: C:\Users\NITRO\.stmcufinder\plugins\mcufinder//mcu/cs/
2025-09-15 10:16:28,532 [INFO] RulesReader:64 - Compatibility file has been processed (317 Rules)
2025-09-15 10:16:28,639 [INFO] DbMcusXml:78 - Set database path to: C:\ST\STM32CubeIDE_1.19.0\STM32CubeIDE\plugins\com.st.stm32cube.common.mx_6.15.0.202507011659\\db\/mcu/
2025-09-15 10:16:28,639 [INFO] ApiDb:274 - Set plugin database path to: C:\ST\STM32CubeIDE_1.19.0\STM32CubeIDE\plugins\com.st.stm32cube.common.mx_6.15.0.202507011659\\db\/plugins/boardmanager/
2025-09-15 10:16:28,639 [INFO] ApiDb:261 - Set plugin images path to: C:\ST\STM32CubeIDE_1.19.0\STM32CubeIDE\plugins\com.st.stm32cube.common.mx_6.15.0.202507011659\\db\/plugins/mcufinder/images/
2025-09-15 10:16:28,639 [WARN] DbFile:41 - Overriding database path with different value: C:\Users\NITRO\.stmcufinder\plugins\mcufinder/ => C:\Users\NITRO\.stmcufinder\plugins\mcufinder
2025-09-15 10:16:28,639 [INFO] ApiDb:250 - Set database path to: C:\Users\NITRO\.stmcufinder\plugins\mcufinder//mcu/
2025-09-15 10:16:28,639 [WARN] DbFile:41 - Overriding database path with different value: C:\Users\NITRO\.stmcufinder\plugins\mcufinder/ => C:\Users\NITRO\.stmcufinder\plugins\mcufinder
2025-09-15 10:16:28,639 [INFO] DbMcusAds:125 - Set database path to: C:\Users\NITRO\.stmcufinder\plugins\mcufinder//mcu/
2025-09-15 10:16:28,639 [WARN] DbFile:41 - Overriding database path with different value: C:\Users\NITRO\.stmcufinder\plugins\mcufinder/ => C:\Users\NITRO\.stmcufinder\plugins\mcufinder
2025-09-15 10:16:28,639 [WARN] DbFile:41 - Overriding database path with different value: C:\Users\NITRO\.stmcufinder\plugins\mcufinder/ => C:\Users\NITRO\.stmcufinder\plugins\mcufinder
2025-09-15 10:16:28,639 [INFO] CrossReferenceDbSqlite:203 - Set database path to: C:\Users\NITRO\.stmcufinder\plugins\mcufinder//mcu/cs/
2025-09-15 10:16:28,731 [INFO] MainPanel:274 - HeapMemory: 268435456
2025-09-15 10:16:28,869 [INFO] DbMcusXml:78 - Set database path to: C:\ST\STM32CubeIDE_1.19.0\STM32CubeIDE\plugins\com.st.stm32cube.common.mx_6.15.0.202507011659\\db\/mcu/
2025-09-15 10:16:28,869 [INFO] ApiDb:274 - Set plugin database path to: C:\ST\STM32CubeIDE_1.19.0\STM32CubeIDE\plugins\com.st.stm32cube.common.mx_6.15.0.202507011659\\db\/plugins/boardmanager/
2025-09-15 10:16:28,869 [INFO] ApiDb:261 - Set plugin images path to: C:\ST\STM32CubeIDE_1.19.0\STM32CubeIDE\plugins\com.st.stm32cube.common.mx_6.15.0.202507011659\\db\/plugins/mcufinder/images/
2025-09-15 10:16:28,870 [WARN] DbFile:41 - Overriding database path with different value: C:\Users\NITRO\.stmcufinder\plugins\mcufinder/ => C:\Users\NITRO\.stmcufinder\plugins\mcufinder
2025-09-15 10:16:28,870 [INFO] ApiDb:250 - Set database path to: C:\Users\NITRO\.stmcufinder\plugins\mcufinder//mcu/
2025-09-15 10:16:28,870 [WARN] DbFile:41 - Overriding database path with different value: C:\Users\NITRO\.stmcufinder\plugins\mcufinder/ => C:\Users\NITRO\.stmcufinder\plugins\mcufinder
2025-09-15 10:16:28,870 [INFO] DbMcusAds:125 - Set database path to: C:\Users\NITRO\.stmcufinder\plugins\mcufinder//mcu/
2025-09-15 10:16:28,870 [WARN] DbFile:41 - Overriding database path with different value: C:\Users\NITRO\.stmcufinder\plugins\mcufinder/ => C:\Users\NITRO\.stmcufinder\plugins\mcufinder
2025-09-15 10:16:28,870 [WARN] DbFile:41 - Overriding database path with different value: C:\Users\NITRO\.stmcufinder\plugins\mcufinder/ => C:\Users\NITRO\.stmcufinder\plugins\mcufinder
2025-09-15 10:16:28,870 [INFO] CrossReferenceDbSqlite:203 - Set database path to: C:\Users\NITRO\.stmcufinder\plugins\mcufinder//mcu/cs/
2025-09-15 10:16:28,893 [INFO] ApplicationProperties:184 - Using Application install path: C:\ST\STM32CubeIDE_1.19.0\STM32CubeIDE\plugins\com.st.stm32cube.common.mx_6.15.0.202507011659
2025-09-15 10:16:28,894 [INFO] PluginManage:196 - Search for loadable plugins [exclusion list=, ]
2025-09-15 10:16:28,895 [INFO] PluginManage:310 - Check plugin analytics
2025-09-15 10:16:34,013 [INFO] AnalyticsPlugin:253 - Accepted Software Licenses: 
2025-09-15 10:16:34,014 [INFO] AnalyticsPlugin:255 - Accepted CMSIS Pack Licenses: 
2025-09-15 10:16:34,014 [INFO] AnalyticsPlugin:257 - Accepted Firmware Licenses: FW.F7.1.17.0
2025-09-15 10:16:34,014 [INFO] PluginManage:359 - Loaded plugin analytics (category:tool,tabindex:-1)
2025-09-15 10:16:34,014 [INFO] PluginManage:310 - Check plugin cadmodel
2025-09-15 10:16:34,020 [INFO] CADModel:105 - Init CAD model plugin
2025-09-15 10:16:34,021 [INFO] PluginManage:359 - Loaded plugin cadmodel (category:power,tabindex:5)
2025-09-15 10:16:34,021 [INFO] PluginManage:310 - Check plugin clock
2025-09-15 10:16:34,030 [INFO] PluginManage:359 - Loaded plugin clock (category:base,tabindex:2)
2025-09-15 10:16:34,030 [INFO] PluginManage:310 - Check plugin ddr
2025-09-15 10:16:34,033 [INFO] PluginManage:359 - Loaded plugin ddr (category:tool,tabindex:6)
2025-09-15 10:16:34,034 [INFO] PluginManage:310 - Check plugin filemanager
2025-09-15 10:16:34,172 [INFO] PluginManage:359 - Loaded plugin filemanager (category:base,tabindex:10)
2025-09-15 10:16:34,172 [INFO] PluginManage:310 - Check plugin ipmanager
2025-09-15 10:16:34,180 [INFO] PluginManage:359 - Loaded plugin ipmanager (category:base,tabindex:5)
2025-09-15 10:16:34,180 [INFO] PluginManage:310 - Check plugin lpbam
2025-09-15 10:16:34,186 [INFO] PluginManage:359 - Loaded plugin lpbam (category:base,tabindex:0)
2025-09-15 10:16:34,186 [INFO] PluginManage:310 - Check plugin memorymap
2025-09-15 10:16:34,201 [INFO] PluginManage:359 - Loaded plugin memorymap (category:base,tabindex:4)
2025-09-15 10:16:34,201 [INFO] PluginManage:310 - Check plugin pinoutandconfiguration
2025-09-15 10:16:34,211 [INFO] PluginManage:359 - Loaded plugin pinoutandconfiguration (category:base,tabindex:1)
2025-09-15 10:16:34,211 [INFO] PluginManage:310 - Check plugin pinoutconfig
2025-09-15 10:16:34,295 [WARN] SupportedApi:132 - Cannot load RTOS API schema: s4s-elt-must-match.1: The content of 'definitions' must match (annotation?, (simpleType | complexType)?, (unique | key | keyref)*)). A problem was found starting at: attribute.
2025-09-15 10:16:34,420 [INFO] PluginManage:359 - Loaded plugin pinoutconfig (category:base,tabindex:0)
2025-09-15 10:16:34,421 [INFO] PluginManage:310 - Check plugin power
2025-09-15 10:16:34,431 [INFO] PluginManage:359 - Loaded plugin power (category:power,tabindex:4)
2025-09-15 10:16:34,431 [INFO] PluginManage:310 - Check plugin projectmanager
2025-09-15 10:16:34,445 [INFO] PluginManage:359 - Loaded plugin projectmanager (category:projectmanager,tabindex:4)
2025-09-15 10:16:34,445 [INFO] PluginManage:310 - Check plugin rif
2025-09-15 10:16:34,455 [INFO] PluginManage:359 - Loaded plugin rif (category:base,tabindex:3)
2025-09-15 10:16:34,455 [INFO] PluginManage:310 - Check plugin thirdparty
2025-09-15 10:16:34,581 [INFO] PluginManage:359 - Loaded plugin thirdparty (category:base,tabindex:-1)
2025-09-15 10:16:34,581 [WARN] IntegrityCheckThread:84 - waiting for thirdparty lock release [integrity check]
2025-09-15 10:16:34,581 [INFO] PluginManage:310 - Check plugin tools
2025-09-15 10:16:34,581 [INFO] IntegrityCheckThread:86 - entering critical section [integrity check]
2025-09-15 10:16:34,582 [INFO] ThirdPartyUpdaterWithRetryManager:70 - Updater plugin not ready yet. [1/15]
2025-09-15 10:16:34,583 [INFO] PluginManage:359 - Loaded plugin tools (category:base,tabindex:7)
2025-09-15 10:16:34,583 [INFO] PluginManage:310 - Check plugin tutovideos
2025-09-15 10:16:34,784 [INFO] PluginManage:359 - Loaded plugin tutovideos (category:base,tabindex:-1)
2025-09-15 10:16:34,784 [INFO] PluginManage:310 - Check plugin updater
2025-09-15 10:16:34,805 [INFO] PluginManage:359 - Loaded plugin updater (category:base,tabindex:12)
2025-09-15 10:16:34,805 [INFO] PluginManage:310 - Check plugin userauth
2025-09-15 10:16:34,809 [INFO] UserAuth:118 - Init User Auth plugin
2025-09-15 10:16:34,809 [INFO] PluginManage:359 - Loaded plugin userauth (category:base,tabindex:14)
2025-09-15 10:16:34,810 [INFO] PluginManage:283 - PluginManage : Loaded plugins [18]
2025-09-15 10:16:35,086 [INFO] PinOutPanel:1589 - setPackage(No Configuration,No Configuration)
2025-09-15 10:16:35,177 [INFO] CADModel:165 - CPN selected for project level
2025-09-15 10:16:35,177 [INFO] CADModel:114 - Register for checkConnection events
2025-09-15 10:16:35,197 [INFO] IPUIPlugin:80 - create IPUIPlugin
2025-09-15 10:16:35,197 [INFO] PluginManager:220 - loadIPPluginJar : add adc
2025-09-15 10:16:35,201 [INFO] IPUIPlugin:80 - create IPUIPlugin
2025-09-15 10:16:35,201 [INFO] PluginManager:220 - loadIPPluginJar : add aes
2025-09-15 10:16:35,204 [INFO] IPUIPlugin:80 - create IPUIPlugin
2025-09-15 10:16:35,204 [INFO] PluginManager:220 - loadIPPluginJar : add can
2025-09-15 10:16:35,205 [INFO] IPUIPlugin:80 - create IPUIPlugin
2025-09-15 10:16:35,206 [INFO] PluginManager:220 - loadIPPluginJar : add comp
2025-09-15 10:16:35,209 [INFO] IPUIPlugin:80 - create IPUIPlugin
2025-09-15 10:16:35,209 [INFO] PluginManager:220 - loadIPPluginJar : add cryp
2025-09-15 10:16:35,213 [INFO] IPUIPlugin:80 - create IPUIPlugin
2025-09-15 10:16:35,213 [INFO] PluginManager:220 - loadIPPluginJar : add ddr_ctrl_phy
2025-09-15 10:16:35,215 [INFO] IPUIPlugin:80 - create IPUIPlugin
2025-09-15 10:16:35,215 [INFO] PluginManager:220 - loadIPPluginJar : add dfsdm
2025-09-15 10:16:35,221 [INFO] IPUIPlugin:80 - create IPUIPlugin
2025-09-15 10:16:35,221 [INFO] PluginManager:220 - loadIPPluginJar : add dma
2025-09-15 10:16:35,225 [INFO] IPUIPlugin:80 - create IPUIPlugin
2025-09-15 10:16:35,225 [INFO] PluginManager:220 - loadIPPluginJar : add dma3
2025-09-15 10:16:35,227 [INFO] IPUIPlugin:80 - create IPUIPlugin
2025-09-15 10:16:35,227 [INFO] PluginManager:220 - loadIPPluginJar : add extmemmanager
2025-09-15 10:16:35,230 [INFO] IPUIPlugin:80 - create IPUIPlugin
2025-09-15 10:16:35,230 [INFO] PluginManager:220 - loadIPPluginJar : add fatfs
2025-09-15 10:16:35,234 [INFO] IPUIPlugin:80 - create IPUIPlugin
2025-09-15 10:16:35,234 [INFO] PluginManager:220 - loadIPPluginJar : add fmc
2025-09-15 10:16:35,242 [INFO] IPUIPlugin:80 - create IPUIPlugin
2025-09-15 10:16:35,242 [INFO] PluginManager:220 - loadIPPluginJar : add freertos
2025-09-15 10:16:35,243 [INFO] IPUIPlugin:80 - create IPUIPlugin
2025-09-15 10:16:35,244 [INFO] PluginManager:220 - loadIPPluginJar : add genericplugin
2025-09-15 10:16:35,247 [INFO] IPUIPlugin:80 - create IPUIPlugin
2025-09-15 10:16:35,247 [INFO] PluginManager:220 - loadIPPluginJar : add gfxmmu
2025-09-15 10:16:35,251 [INFO] IPUIPlugin:80 - create IPUIPlugin
2025-09-15 10:16:35,251 [INFO] PluginManager:220 - loadIPPluginJar : add gic
2025-09-15 10:16:35,256 [INFO] IPUIPlugin:80 - create IPUIPlugin
2025-09-15 10:16:35,256 [INFO] PluginManager:220 - loadIPPluginJar : add gpio
2025-09-15 10:16:35,258 [INFO] IPUIPlugin:80 - create IPUIPlugin
2025-09-15 10:16:35,259 [INFO] PluginManager:220 - loadIPPluginJar : add gtzc
2025-09-15 10:16:35,261 [INFO] IPUIPlugin:80 - create IPUIPlugin
2025-09-15 10:16:35,261 [INFO] PluginManager:220 - loadIPPluginJar : add hash
2025-09-15 10:16:35,265 [INFO] IPUIPlugin:80 - create IPUIPlugin
2025-09-15 10:16:35,265 [INFO] PluginManager:220 - loadIPPluginJar : add i2c
2025-09-15 10:16:35,268 [INFO] IPUIPlugin:80 - create IPUIPlugin
2025-09-15 10:16:35,268 [INFO] PluginManager:220 - loadIPPluginJar : add i2s
2025-09-15 10:16:35,271 [INFO] IPUIPlugin:80 - create IPUIPlugin
2025-09-15 10:16:35,271 [INFO] PluginManager:220 - loadIPPluginJar : add i3c
2025-09-15 10:16:35,275 [INFO] IPUIPlugin:80 - create IPUIPlugin
2025-09-15 10:16:35,276 [INFO] PluginManager:220 - loadIPPluginJar : add ipddr
2025-09-15 10:16:35,283 [INFO] IPUIPlugin:80 - create IPUIPlugin
2025-09-15 10:16:35,283 [INFO] PluginManager:220 - loadIPPluginJar : add linkedlist
2025-09-15 10:16:35,287 [INFO] IPUIPlugin:80 - create IPUIPlugin
2025-09-15 10:16:35,287 [INFO] PluginManager:220 - loadIPPluginJar : add lorawan
2025-09-15 10:16:35,289 [INFO] IPUIPlugin:80 - create IPUIPlugin
2025-09-15 10:16:35,289 [INFO] PluginManager:220 - loadIPPluginJar : add ltdc
2025-09-15 10:16:35,296 [INFO] IPUIPlugin:80 - create IPUIPlugin
2025-09-15 10:16:35,296 [INFO] PluginManager:220 - loadIPPluginJar : add mdma
2025-09-15 10:16:35,301 [INFO] IPUIPlugin:80 - create IPUIPlugin
2025-09-15 10:16:35,301 [INFO] PluginManager:220 - loadIPPluginJar : add nvic
2025-09-15 10:16:35,304 [INFO] IPUIPlugin:80 - create IPUIPlugin
2025-09-15 10:16:35,306 [INFO] PluginManager:220 - loadIPPluginJar : add opamp
2025-09-15 10:16:35,309 [INFO] IPUIPlugin:80 - create IPUIPlugin
2025-09-15 10:16:35,310 [INFO] PluginManager:220 - loadIPPluginJar : add openamp
2025-09-15 10:16:35,313 [INFO] IPUIPlugin:80 - create IPUIPlugin
2025-09-15 10:16:35,313 [INFO] PluginManager:220 - loadIPPluginJar : add pdm2pcm
2025-09-15 10:16:35,320 [INFO] IPUIPlugin:80 - create IPUIPlugin
2025-09-15 10:16:35,322 [INFO] PluginManager:220 - loadIPPluginJar : add plateformsettings
2025-09-15 10:16:35,325 [INFO] IPUIPlugin:80 - create IPUIPlugin
2025-09-15 10:16:35,326 [INFO] PluginManager:220 - loadIPPluginJar : add quadspi
2025-09-15 10:16:35,328 [INFO] IPUIPlugin:80 - create IPUIPlugin
2025-09-15 10:16:35,328 [INFO] PluginManager:220 - loadIPPluginJar : add radio
2025-09-15 10:16:35,333 [INFO] IPUIPlugin:80 - create IPUIPlugin
2025-09-15 10:16:35,333 [INFO] PluginManager:220 - loadIPPluginJar : add resmgrutility
2025-09-15 10:16:35,336 [INFO] IPUIPlugin:80 - create IPUIPlugin
2025-09-15 10:16:35,336 [INFO] PluginManager:220 - loadIPPluginJar : add sai
2025-09-15 10:16:35,341 [INFO] IPUIPlugin:80 - create IPUIPlugin
2025-09-15 10:16:35,341 [INFO] PluginManager:220 - loadIPPluginJar : add spi
2025-09-15 10:16:35,350 [INFO] IPUIPlugin:80 - create IPUIPlugin
2025-09-15 10:16:35,350 [INFO] PluginManager:220 - loadIPPluginJar : add stm32_wpan
2025-09-15 10:16:35,352 [INFO] IPUIPlugin:80 - create IPUIPlugin
2025-09-15 10:16:35,352 [INFO] PluginManager:220 - loadIPPluginJar : add tim
2025-09-15 10:16:35,358 [INFO] IPUIPlugin:80 - create IPUIPlugin
2025-09-15 10:16:35,358 [INFO] PluginManager:220 - loadIPPluginJar : add touchsensing
2025-09-15 10:16:35,360 [INFO] IPUIPlugin:80 - create IPUIPlugin
2025-09-15 10:16:35,360 [INFO] PluginManager:220 - loadIPPluginJar : add tracer_emb
2025-09-15 10:16:35,363 [INFO] IPUIPlugin:80 - create IPUIPlugin
2025-09-15 10:16:35,363 [INFO] PluginManager:220 - loadIPPluginJar : add ts
2025-09-15 10:16:35,366 [INFO] IPUIPlugin:80 - create IPUIPlugin
2025-09-15 10:16:35,366 [INFO] PluginManager:220 - loadIPPluginJar : add tsc
2025-09-15 10:16:35,370 [INFO] IPUIPlugin:80 - create IPUIPlugin
2025-09-15 10:16:35,370 [INFO] PluginManager:220 - loadIPPluginJar : add ucpd
2025-09-15 10:16:35,373 [INFO] IPUIPlugin:80 - create IPUIPlugin
2025-09-15 10:16:35,374 [INFO] PluginManager:220 - loadIPPluginJar : add usart
2025-09-15 10:16:35,378 [INFO] IPUIPlugin:80 - create IPUIPlugin
2025-09-15 10:16:35,378 [INFO] PluginManager:220 - loadIPPluginJar : add usbx
2025-09-15 10:16:35,507 [FATAL] Updater:351 - Updater called before beeing initialized
2025-09-15 10:16:35,529 [INFO] RulesReader:64 - Compatibility file has been processed (317 Rules)
2025-09-15 10:16:35,539 [INFO] RulesReader:64 - Compatibility file has been processed (317 Rules)
2025-09-15 10:16:35,547 [INFO] CADModel:165 - CPN selected for project level
2025-09-15 10:16:35,547 [INFO] CADModel:114 - Register for checkConnection events
2025-09-15 10:16:35,547 [FATAL] Updater:351 - Updater called before beeing initialized
2025-09-15 10:16:35,547 [ERROR] CADModel:125 - Updater not yet initialized, retry later 
2025-09-15 10:16:35,708 [FATAL] Updater:351 - Updater called before beeing initialized
2025-09-15 10:16:35,710 [INFO] CADModel:165 - CPN selected for project level
2025-09-15 10:16:35,710 [INFO] CADModel:114 - Register for checkConnection events
2025-09-15 10:16:35,710 [FATAL] Updater:351 - Updater called before beeing initialized
2025-09-15 10:16:35,710 [ERROR] CADModel:125 - Updater not yet initialized, retry later 
2025-09-15 10:16:35,713 [FATAL] Updater:351 - Updater called before beeing initialized
2025-09-15 10:16:35,809 [FATAL] Updater:351 - Updater called before beeing initialized
2025-09-15 10:16:35,812 [INFO] DbMcusAds:53 - JSON generation date=Tue Jul 08 15:14:23 ICT 2025 (1751962463582)
2025-09-15 10:16:35,813 [FATAL] Updater:351 - Updater called before beeing initialized
2025-09-15 10:16:35,850 [WARN] DetailPanel:346 - Failed to get advertising image, set to default
2025-09-15 10:16:35,923 [FATAL] Updater:351 - Updater called before beeing initialized
2025-09-15 10:16:35,924 [FATAL] Updater:351 - Updater called before beeing initialized
2025-09-15 10:16:35,924 [FATAL] Updater:351 - Updater called before beeing initialized
2025-09-15 10:16:35,924 [WARN] DetailPanel:346 - Failed to get advertising image, set to default
2025-09-15 10:16:35,925 [FATAL] Updater:351 - Updater called before beeing initialized
2025-09-15 10:16:35,967 [ERROR] Updater:1198 - MainUpdater not yet initialized. External WinMGr cannot be set.
2025-09-15 10:16:35,969 [INFO] Updater:1134 - Updater Version found : 6.15.0
2025-09-15 10:16:35,986 [INFO] ApplicationProperties:184 - Using Application install path: C:\ST\STM32CubeIDE_1.19.0\STM32CubeIDE\plugins\com.st.stm32cube.common.mx_6.15.0.202507011659
2025-09-15 10:16:36,280 [INFO] MainUpdater:2872 - connection check result : 10
2025-09-15 10:16:36,280 [INFO] MainUpdater:3604 - Updater definition file requires update
2025-09-15 10:16:36,281 [INFO] MainUpdater:289 - Updater Check For Update Now.
2025-09-15 10:16:36,281 [INFO] MicroXplorer:498 - Change Database Version : DB.6.0.150
2025-09-15 10:16:36,286 [INFO] McuFinderGlobals:63 - Set McuFinder mode to 2 (CubeIDE integrated)
2025-09-15 10:16:36,286 [INFO] UserAuth:487 - Internet connection configuration mode: 1
2025-09-15 10:16:36,302 [INFO] ServerAccessManage:452 - Complete download http(s) 200
2025-09-15 10:16:36,303 [INFO] ServerAccessManage:509 - Download File updaters.zip
2025-09-15 10:16:36,308 [INFO] JxBrowserEngine:152 - Initiate JxBrowser Engine with user profile folder
2025-09-15 10:16:36,365 [INFO] FileExtend:248 - Unzip File : updaters.zip
2025-09-15 10:16:36,365 [INFO] FileExtend:263 - Standard Zip Deflate
2025-09-15 10:16:36,668 [INFO] ServerAccessManage:452 - Complete download http(s) 200
2025-09-15 10:16:36,668 [INFO] ServerAccessManage:509 - Download File PacksControlFlags.xml
2025-09-15 10:16:36,717 [INFO] ServerAccessManage:452 - Complete download http(s) 200
2025-09-15 10:16:36,717 [INFO] ServerAccessManage:509 - Download File cubemx.pidx
2025-09-15 10:16:36,802 [INFO] LoadServerUpdatesThread:375 - End of LoadServerUpdate Thread
2025-09-15 10:16:36,957 [INFO] CheckServerUpdateThread:120 - End of CheckServer Thread
2025-09-15 10:16:37,833 [INFO] WebApp:169 - Instantiating new browser for Auth
2025-09-15 10:16:37,836 [WARN] PackLoader:240 - Cannot read IP mode file for STMicroelectronics.FP-SNS-MOTENVWB1.1.4.0
2025-09-15 10:16:37,846 [WARN] PackLoader:240 - Cannot read IP mode file for STMicroelectronics.FP-ATR-ASTRA1.2.0.2
2025-09-15 10:16:37,869 [WARN] PackLoader:240 - Cannot read IP mode file for STMicroelectronics.X-CUBE-SMBUS.2.1.0
2025-09-15 10:16:37,882 [WARN] PackLoader:240 - Cannot read IP mode file for STMicroelectronics.X-CUBE-ST60.1.0.0
2025-09-15 10:16:37,921 [WARN] PackLoader:240 - Cannot read IP mode file for STMicroelectronics.X-CUBE-AZRTOS-F7.1.1.0
2025-09-15 10:16:37,967 [WARN] PackLoader:240 - Cannot read IP mode file for Infineon.AIROC-Wi-Fi-Bluetooth-STM32.1.7.1
2025-09-15 10:16:38,008 [WARN] PackLoader:240 - Cannot read IP mode file for STMicroelectronics.X-CUBE-AZRTOS-H7.3.4.0
2025-09-15 10:16:38,026 [WARN] PackLoader:240 - Cannot read IP mode file for STMicroelectronics.X-CUBE-DISPLAY.3.0.0
2025-09-15 10:16:38,045 [WARN] PackLoader:240 - Cannot read IP mode file for STMicroelectronics.X-CUBE-NFC10.1.0.0
2025-09-15 10:16:38,057 [WARN] PackLoader:240 - Cannot read IP mode file for emotas.I-CUBE-CANOPEN.1.3.0
2025-09-15 10:16:38,066 [WARN] PackLoader:240 - Cannot read IP mode file for STMicroelectronics.FP-SNS-STBOX1.2.1.0
2025-09-15 10:16:38,076 [WARN] PackLoader:240 - Cannot read IP mode file for STMicroelectronics.FP-SNS-SMARTAG2.1.2.0
2025-09-15 10:16:38,083 [WARN] PackLoader:240 - Cannot read IP mode file for STMicroelectronics.FP-SNS-FLIGHT1.5.1.0
2025-09-15 10:16:38,093 [INFO] LogOutputStream:77 - [STDOUT_REDIRECT] 1 : Invalid condition id : UX_CORESTACK_Condition cause : null
2025-09-15 10:16:38,094 [INFO] LogOutputStream:77 - [STDOUT_REDIRECT] 1 : Invalid condition id : UX_CORESTACK_Condition cause : null
2025-09-15 10:16:38,096 [INFO] LogOutputStream:77 - [STDOUT_REDIRECT] 1 : Invalid condition id : UX_CORESTACK_Condition cause : null
2025-09-15 10:16:38,097 [INFO] LogOutputStream:77 - [STDOUT_REDIRECT] 1 : Invalid condition id : UX_CORESTACK_Condition cause : null
2025-09-15 10:16:38,099 [INFO] LogOutputStream:77 - [STDOUT_REDIRECT] 1 : Invalid condition id : UX_CORESTACK_Condition cause : null
2025-09-15 10:16:38,103 [WARN] PackLoader:240 - Cannot read IP mode file for STMicroelectronics.X-CUBE-AZRTOS-WL.2.0.0
2025-09-15 10:16:38,110 [WARN] PackLoader:240 - Cannot read IP mode file for STMicroelectronics.FP-SNS-MOTENV1.5.0.0
2025-09-15 10:16:38,122 [WARN] PackLoader:240 - Cannot read IP mode file for WES.I-CUBE-Cesium.1.3.0
2025-09-15 10:16:38,130 [WARN] PackLoader:240 - Cannot read IP mode file for STMicroelectronics.X-CUBE-BLE2.3.3.0
2025-09-15 10:16:38,139 [WARN] PackLoader:240 - Cannot read IP mode file for STMicroelectronics.X-CUBE-NFC9.1.0.0
2025-09-15 10:16:38,147 [WARN] PackLoader:240 - Cannot read IP mode file for wolfSSL.I-CUBE-wolfSSL.5.8.0
2025-09-15 10:16:38,154 [WARN] PackLoader:240 - Cannot read IP mode file for STMicroelectronics.X-CUBE-BLE1.7.1.0
2025-09-15 10:16:38,160 [WARN] PackLoader:240 - Cannot read IP mode file for wolfSSL.I-CUBE-wolfMQTT.1.19.2
2025-09-15 10:16:38,169 [WARN] PackLoader:240 - Cannot read IP mode file for STMicroelectronics.X-CUBE-EEPRMA1.5.2.0
2025-09-15 10:16:38,177 [WARN] PackLoader:240 - Cannot read IP mode file for STMicroelectronics.X-CUBE-AI.10.1.0
2025-09-15 10:16:38,193 [WARN] PackLoader:240 - Cannot read IP mode file for STMicroelectronics.X-CUBE-AZRTOS-G0.1.1.0
2025-09-15 10:16:38,202 [WARN] PackLoader:240 - Cannot read IP mode file for STMicroelectronics.X-CUBE-SAFEA1.1.2.2
2025-09-15 10:16:38,211 [WARN] PackLoader:240 - Cannot read IP mode file for STMicroelectronics.X-CUBE-NFC4.3.0.0
2025-09-15 10:16:38,224 [WARN] PackLoader:240 - Cannot read IP mode file for EmbeddedOffice.I-CUBE-FS-RTOS.1.0.1
2025-09-15 10:16:38,233 [WARN] PackLoader:240 - Cannot read IP mode file for STMicroelectronics.X-CUBE-WB05N.2.0.0
2025-09-15 10:16:38,240 [WARN] PackLoader:240 - Cannot read IP mode file for wolfSSL.I-CUBE-wolfTPM.3.8.0
2025-09-15 10:16:38,248 [WARN] PackLoader:240 - Cannot read IP mode file for STMicroelectronics.X-CUBE-TCPP.4.2.0
2025-09-15 10:16:38,259 [WARN] PackLoader:240 - Cannot read IP mode file for RealThread.X-CUBE-RT-Thread_Nano.4.1.1
2025-09-15 10:16:38,266 [WARN] PackLoader:240 - Cannot read IP mode file for STMicroelectronics.FP-ATR-SIGFOX1.3.2.0
2025-09-15 10:16:38,275 [WARN] PackLoader:240 - Cannot read IP mode file for ITTIA_DB.I-CUBE-ITTIADB.8.9.0
2025-09-15 10:16:38,286 [WARN] PackLoader:240 - Cannot read IP mode file for STMicroelectronics.X-CUBE-ST67W61.1.0.0
2025-09-15 10:16:38,320 [WARN] PackLoader:240 - Cannot read IP mode file for SEGGER.I-CUBE-embOS.1.3.1
2025-09-15 10:16:38,378 [WARN] PackLoader:240 - Cannot read IP mode file for STMicroelectronics.X-CUBE-ALGOBUILD.1.4.0
2025-09-15 10:16:38,434 [WARN] PackLoader:240 - Cannot read IP mode file for STMicroelectronics.X-CUBE-MEMS1.11.3.0
2025-09-15 10:16:38,615 [WARN] PackLoader:240 - Cannot read IP mode file for STMicroelectronics.X-CUBE-PM33A1.1.0.0
2025-09-15 10:16:38,636 [WARN] PackLoader:240 - Cannot read IP mode file for STMicroelectronics.X-CUBE-AZRTOS-F4.1.1.0
2025-09-15 10:16:38,649 [WARN] PackLoader:240 - Cannot read IP mode file for Avnet-IotConnect.X-CUBE-IoTC-DA16k-PMOD.1.0.0
2025-09-15 10:16:38,659 [WARN] PackLoader:240 - Cannot read IP mode file for STMicroelectronics.X-CUBE-ISPU.2.1.0
2025-09-15 10:16:38,670 [WARN] PackLoader:240 - Cannot read IP mode file for STMicroelectronics.X-CUBE-NFC12.1.0.0
2025-09-15 10:16:38,692 [WARN] PackLoader:240 - Cannot read IP mode file for STMicroelectronics.X-CUBE-AZRTOS-L5.2.0.0
2025-09-15 10:16:38,705 [WARN] PackLoader:240 - Cannot read IP mode file for STMicroelectronics.X-CUBE-NFC6.3.1.0
2025-09-15 10:16:38,717 [WARN] PackLoader:240 - Cannot read IP mode file for STMicroelectronics.X-CUBE-FREERTOS.1.3.1
2025-09-15 10:16:38,726 [WARN] PackLoader:240 - Cannot read IP mode file for STMicroelectronics.FP-SNS-STAIOTCFT.1.0.0
2025-09-15 10:16:38,737 [WARN] PackLoader:240 - Cannot read IP mode file for STMicroelectronics.X-CUBE-DPower.1.3.0
2025-09-15 10:16:38,758 [WARN] ConditionMgr:438 - getConditionDescription Invalid condition id : LAN8742 Phy interface Condition cause : null
2025-09-15 10:16:38,759 [WARN] PackLoader:240 - Cannot read IP mode file for STMicroelectronics.X-CUBE-AZRTOS-L4.2.0.0
2025-09-15 10:16:38,760 [WARN] ConditionMgr:1044 - genDependencies : Invalid condition id : LAN8742 Phy interface Condition cause : null
2025-09-15 10:16:38,760 [WARN] ConditionMgr:1044 - genDependencies : Invalid condition id : LAN8742 Phy interface Condition cause : null
2025-09-15 10:16:38,761 [WARN] ConditionMgr:1044 - genDependencies : Invalid condition id : LAN8742 Phy interface Condition cause : null
2025-09-15 10:16:38,774 [WARN] PackLoader:240 - Cannot read IP mode file for STMicroelectronics.X-CUBE-SFXS2LP1.4.0.0
2025-09-15 10:16:38,785 [WARN] PackLoader:240 - Cannot read IP mode file for STMicroelectronics.X-CUBE-BLEMGR.4.1.0
2025-09-15 10:16:38,802 [WARN] ConditionMgr:438 - getConditionDescription Invalid condition id : UX DEVICE CLASS RTOS Condition cause : null
2025-09-15 10:16:38,802 [WARN] ConditionMgr:438 - getConditionDescription Invalid condition id : UX DEVICE CLASS RTOS Condition cause : null
2025-09-15 10:16:38,803 [WARN] PackLoader:240 - Cannot read IP mode file for STMicroelectronics.X-CUBE-AZRTOS-WB.2.0.0
2025-09-15 10:16:38,804 [WARN] ConditionMgr:1044 - genDependencies : Invalid condition id : UX DEVICE CLASS RTOS Condition cause : null
2025-09-15 10:16:38,804 [WARN] ConditionMgr:1044 - genDependencies : Invalid condition id : UX DEVICE CLASS RTOS Condition cause : null
2025-09-15 10:16:38,805 [WARN] ConditionMgr:1044 - genDependencies : Invalid condition id : UX DEVICE CLASS RTOS Condition cause : null
2025-09-15 10:16:38,805 [WARN] ConditionMgr:1044 - genDependencies : Invalid condition id : UX DEVICE CLASS RTOS Condition cause : null
2025-09-15 10:16:38,805 [WARN] ConditionMgr:1044 - genDependencies : Invalid condition id : UX DEVICE CLASS RTOS Condition cause : null
2025-09-15 10:16:38,813 [WARN] PackLoader:240 - Cannot read IP mode file for STMicroelectronics.X-CUBE-GNSS1.7.0.1
2025-09-15 10:16:38,820 [WARN] PackLoader:240 - Cannot read IP mode file for STMicroelectronics.X-CUBE-TOUCHGFX.4.25.0
2025-09-15 10:16:38,827 [WARN] PackLoader:240 - Cannot read IP mode file for STMicroelectronics.FP-SNS-STBOX1.2.0.0
2025-09-15 10:16:38,837 [WARN] ConditionMgr:438 - getConditionDescription Invalid condition id : Cortex-A Device cause : null
2025-09-15 10:16:38,852 [WARN] ConditionMgr:1044 - genDependencies : Invalid condition id : Cortex-A Device cause : null
2025-09-15 10:16:38,853 [WARN] ConditionMgr:1044 - genDependencies : Invalid condition id : Cortex-A Device cause : null
2025-09-15 10:16:38,853 [WARN] ConditionMgr:1044 - genDependencies : Invalid condition id : Cortex-A Device cause : null
2025-09-15 10:16:38,866 [WARN] PackLoader:240 - Cannot read IP mode file for STMicroelectronics.X-CUBE-SUBG2.5.0.0
2025-09-15 10:16:38,886 [WARN] PackLoader:240 - Cannot read IP mode file for STMicroelectronics.X-CUBE-AZRTOS-H7RS.1.1.0
2025-09-15 10:16:38,897 [WARN] PackLoader:240 - Cannot read IP mode file for Cesanta.I-CUBE-Mongoose.7.13.0
2025-09-15 10:16:38,912 [WARN] PackLoader:240 - Cannot read IP mode file for STMicroelectronics.X-CUBE-AZRTOS-G4.2.0.0
2025-09-15 10:16:38,920 [WARN] PackLoader:240 - Cannot read IP mode file for wolfSSL.I-CUBE-wolfSSH.1.4.20
2025-09-15 10:16:38,929 [WARN] PackLoader:240 - Cannot read IP mode file for STMicroelectronics.X-CUBE-NFC7.2.0.0
2025-09-15 10:16:38,958 [WARN] PackLoader:240 - Cannot read IP mode file for STMicroelectronics.X-CUBE-IPS.3.1.0
2025-09-15 10:16:38,983 [WARN] PackLoader:240 - Cannot read IP mode file for STMicroelectronics.X-CUBE-ALS.1.0.2
2025-09-15 10:16:38,996 [WARN] PackLoader:240 - Cannot read IP mode file for STMicroelectronics.X-CUBE-STSE01.1.0.0
2025-09-15 10:16:39,005 [WARN] PackLoader:240 - Cannot read IP mode file for portGmbH.I-Cube-SoM-uGOAL.1.1.0
2025-09-15 10:16:39,021 [WARN] PackLoader:240 - Cannot read IP mode file for STMicroelectronics.X-CUBE-TOF1.3.4.3
2025-09-15 10:16:39,032 [INFO] ThirdParty:978 - Integrity check success = true
2025-09-15 10:16:39,032 [INFO] IntegrityCheckThread:100 - exiting critical section [integrity check]
2025-09-15 10:16:39,033 [INFO] IntegrityCheckThread:103 - End integrity checks thread
2025-09-15 10:16:39,221 [INFO] WebApp:463 - Apply proxy settings
2025-09-15 10:16:39,221 [INFO] WebApp:548 - Chromium requires no authentication
2025-09-15 10:16:39,236 [INFO] WebApp:491 - Direct internet connection detected
2025-09-15 10:16:39,269 [INFO] WebApp:900 - Register for checkConnection events
2025-09-15 10:16:39,270 [INFO] WebApp:463 - Apply proxy settings
2025-09-15 10:16:39,270 [INFO] WebApp:548 - Chromium requires no authentication
2025-09-15 10:16:39,270 [INFO] WebApp:491 - Direct internet connection detected
2025-09-15 10:16:39,489 [INFO] WebApp:225 - Starting web application
2025-09-15 10:16:39,489 [INFO] WebApp:593 - Web application path used C:\ST\STM32CubeIDE_1.19.0\STM32CubeIDE\plugins\com.st.stm32cube.common.mx_6.15.0.202507011659\db\plugins\mcufinder\reactClient1\index.html
2025-09-15 10:16:39,626 [INFO] UserAuth:487 - Internet connection configuration mode: 1
2025-09-15 10:16:40,167 [INFO] WebApp:191 - Connection restablished
2025-09-15 10:17:08,603 [ERROR] LogOutputStream:75 - [STDERR_REDIRECT] 
