2025-09-04 17:03:29,567 [INFO] Activator:176 - 


2025-09-04 17:03:29,572 [INFO] Activator:177 - !SESSION log4j initialized
2025-09-04 17:03:37,088 [INFO] LogOutputStream:77 - [STDOUT_REDIRECT] 
2025-09-04 17:03:47,698 [INFO] ApplicationProperties:184 - Using Application install path: C:\ST\STM32CubeIDE_1.19.0\STM32CubeIDE\plugins\com.st.stm32cube.common.mx_6.15.0.202507011659
2025-09-04 17:03:47,720 [INFO] DbMcusXml:78 - Set database path to: C:\ST\STM32CubeIDE_1.19.0\STM32CubeIDE\plugins\com.st.stm32cube.common.mx_6.15.0.202507011659\\db\/mcu/
2025-09-04 17:03:47,720 [INFO] ApiDb:274 - Set plugin database path to: C:\ST\STM32CubeIDE_1.19.0\STM32CubeIDE\plugins\com.st.stm32cube.common.mx_6.15.0.202507011659\\db\/plugins/boardmanager/
2025-09-04 17:03:47,721 [WARN] ApiDb:259 - Overriding images path with different value:  => C:\ST\STM32CubeIDE_1.19.0\STM32CubeIDE\plugins\com.st.stm32cube.common.mx_6.15.0.202507011659\\db\/plugins/mcufinder/images/
2025-09-04 17:03:47,728 [INFO] ApiDb:250 - Set database path to: C:\Users\NITRO\.stmcufinder\plugins\mcufinder//mcu/
2025-09-04 17:03:47,729 [INFO] DbMcusAds:125 - Set database path to: C:\Users\NITRO\.stmcufinder\plugins\mcufinder//mcu/
2025-09-04 17:03:47,732 [INFO] CrossReferenceDbSqlite:203 - Set database path to: C:\Users\NITRO\.stmcufinder\plugins\mcufinder//mcu/cs/
2025-09-04 17:03:47,877 [INFO] RulesReader:64 - Compatibility file has been processed (317 Rules)
2025-09-04 17:03:48,000 [INFO] DbMcusXml:78 - Set database path to: C:\ST\STM32CubeIDE_1.19.0\STM32CubeIDE\plugins\com.st.stm32cube.common.mx_6.15.0.202507011659\\db\/mcu/
2025-09-04 17:03:48,000 [INFO] ApiDb:274 - Set plugin database path to: C:\ST\STM32CubeIDE_1.19.0\STM32CubeIDE\plugins\com.st.stm32cube.common.mx_6.15.0.202507011659\\db\/plugins/boardmanager/
2025-09-04 17:03:48,001 [INFO] ApiDb:261 - Set plugin images path to: C:\ST\STM32CubeIDE_1.19.0\STM32CubeIDE\plugins\com.st.stm32cube.common.mx_6.15.0.202507011659\\db\/plugins/mcufinder/images/
2025-09-04 17:03:48,001 [WARN] DbFile:41 - Overriding database path with different value: C:\Users\NITRO\.stmcufinder\plugins\mcufinder/ => C:\Users\NITRO\.stmcufinder\plugins\mcufinder
2025-09-04 17:03:48,001 [INFO] ApiDb:250 - Set database path to: C:\Users\NITRO\.stmcufinder\plugins\mcufinder//mcu/
2025-09-04 17:03:48,001 [WARN] DbFile:41 - Overriding database path with different value: C:\Users\NITRO\.stmcufinder\plugins\mcufinder/ => C:\Users\NITRO\.stmcufinder\plugins\mcufinder
2025-09-04 17:03:48,001 [INFO] DbMcusAds:125 - Set database path to: C:\Users\NITRO\.stmcufinder\plugins\mcufinder//mcu/
2025-09-04 17:03:48,001 [WARN] DbFile:41 - Overriding database path with different value: C:\Users\NITRO\.stmcufinder\plugins\mcufinder/ => C:\Users\NITRO\.stmcufinder\plugins\mcufinder
2025-09-04 17:03:48,001 [WARN] DbFile:41 - Overriding database path with different value: C:\Users\NITRO\.stmcufinder\plugins\mcufinder/ => C:\Users\NITRO\.stmcufinder\plugins\mcufinder
2025-09-04 17:03:48,009 [INFO] CrossReferenceDbSqlite:203 - Set database path to: C:\Users\NITRO\.stmcufinder\plugins\mcufinder//mcu/cs/
2025-09-04 17:03:48,102 [INFO] MainPanel:274 - HeapMemory: 363855872
2025-09-04 17:03:48,228 [INFO] DbMcusXml:78 - Set database path to: C:\ST\STM32CubeIDE_1.19.0\STM32CubeIDE\plugins\com.st.stm32cube.common.mx_6.15.0.202507011659\\db\/mcu/
2025-09-04 17:03:48,228 [INFO] ApiDb:274 - Set plugin database path to: C:\ST\STM32CubeIDE_1.19.0\STM32CubeIDE\plugins\com.st.stm32cube.common.mx_6.15.0.202507011659\\db\/plugins/boardmanager/
2025-09-04 17:03:48,228 [INFO] ApiDb:261 - Set plugin images path to: C:\ST\STM32CubeIDE_1.19.0\STM32CubeIDE\plugins\com.st.stm32cube.common.mx_6.15.0.202507011659\\db\/plugins/mcufinder/images/
2025-09-04 17:03:48,228 [WARN] DbFile:41 - Overriding database path with different value: C:\Users\NITRO\.stmcufinder\plugins\mcufinder/ => C:\Users\NITRO\.stmcufinder\plugins\mcufinder
2025-09-04 17:03:48,228 [INFO] ApiDb:250 - Set database path to: C:\Users\NITRO\.stmcufinder\plugins\mcufinder//mcu/
2025-09-04 17:03:48,228 [WARN] DbFile:41 - Overriding database path with different value: C:\Users\NITRO\.stmcufinder\plugins\mcufinder/ => C:\Users\NITRO\.stmcufinder\plugins\mcufinder
2025-09-04 17:03:48,228 [INFO] DbMcusAds:125 - Set database path to: C:\Users\NITRO\.stmcufinder\plugins\mcufinder//mcu/
2025-09-04 17:03:48,229 [WARN] DbFile:41 - Overriding database path with different value: C:\Users\NITRO\.stmcufinder\plugins\mcufinder/ => C:\Users\NITRO\.stmcufinder\plugins\mcufinder
2025-09-04 17:03:48,229 [WARN] DbFile:41 - Overriding database path with different value: C:\Users\NITRO\.stmcufinder\plugins\mcufinder/ => C:\Users\NITRO\.stmcufinder\plugins\mcufinder
2025-09-04 17:03:48,229 [INFO] CrossReferenceDbSqlite:203 - Set database path to: C:\Users\NITRO\.stmcufinder\plugins\mcufinder//mcu/cs/
2025-09-04 17:03:48,247 [INFO] ApplicationProperties:184 - Using Application install path: C:\ST\STM32CubeIDE_1.19.0\STM32CubeIDE\plugins\com.st.stm32cube.common.mx_6.15.0.202507011659
2025-09-04 17:03:48,248 [INFO] PluginManage:196 - Search for loadable plugins [exclusion list=, ]
2025-09-04 17:03:48,250 [INFO] PluginManage:310 - Check plugin analytics
2025-09-04 17:03:53,386 [INFO] AnalyticsPlugin:253 - Accepted Software Licenses: 
2025-09-04 17:03:53,386 [INFO] AnalyticsPlugin:255 - Accepted CMSIS Pack Licenses: 
2025-09-04 17:03:53,386 [INFO] AnalyticsPlugin:257 - Accepted Firmware Licenses: FW.F7.1.17.0
2025-09-04 17:03:53,389 [INFO] PluginManage:359 - Loaded plugin analytics (category:tool,tabindex:-1)
2025-09-04 17:03:53,389 [INFO] PluginManage:310 - Check plugin cadmodel
2025-09-04 17:03:53,394 [INFO] CADModel:105 - Init CAD model plugin
2025-09-04 17:03:53,394 [INFO] PluginManage:359 - Loaded plugin cadmodel (category:power,tabindex:5)
2025-09-04 17:03:53,395 [INFO] PluginManage:310 - Check plugin clock
2025-09-04 17:03:53,404 [INFO] PluginManage:359 - Loaded plugin clock (category:base,tabindex:2)
2025-09-04 17:03:53,404 [INFO] PluginManage:310 - Check plugin ddr
2025-09-04 17:03:53,407 [INFO] PluginManage:359 - Loaded plugin ddr (category:tool,tabindex:6)
2025-09-04 17:03:53,407 [INFO] PluginManage:310 - Check plugin filemanager
2025-09-04 17:03:53,536 [INFO] PluginManage:359 - Loaded plugin filemanager (category:base,tabindex:10)
2025-09-04 17:03:53,536 [INFO] PluginManage:310 - Check plugin ipmanager
2025-09-04 17:03:53,543 [INFO] PluginManage:359 - Loaded plugin ipmanager (category:base,tabindex:5)
2025-09-04 17:03:53,543 [INFO] PluginManage:310 - Check plugin lpbam
2025-09-04 17:03:53,549 [INFO] PluginManage:359 - Loaded plugin lpbam (category:base,tabindex:0)
2025-09-04 17:03:53,549 [INFO] PluginManage:310 - Check plugin memorymap
2025-09-04 17:03:53,562 [INFO] PluginManage:359 - Loaded plugin memorymap (category:base,tabindex:4)
2025-09-04 17:03:53,563 [INFO] PluginManage:310 - Check plugin pinoutandconfiguration
2025-09-04 17:03:53,571 [INFO] PluginManage:359 - Loaded plugin pinoutandconfiguration (category:base,tabindex:1)
2025-09-04 17:03:53,571 [INFO] PluginManage:310 - Check plugin pinoutconfig
2025-09-04 17:03:53,648 [WARN] SupportedApi:132 - Cannot load RTOS API schema: s4s-elt-must-match.1: The content of 'definitions' must match (annotation?, (simpleType | complexType)?, (unique | key | keyref)*)). A problem was found starting at: attribute.
2025-09-04 17:03:53,767 [INFO] PluginManage:359 - Loaded plugin pinoutconfig (category:base,tabindex:0)
2025-09-04 17:03:53,767 [INFO] PluginManage:310 - Check plugin power
2025-09-04 17:03:53,778 [INFO] PluginManage:359 - Loaded plugin power (category:power,tabindex:4)
2025-09-04 17:03:53,778 [INFO] PluginManage:310 - Check plugin projectmanager
2025-09-04 17:03:53,791 [INFO] PluginManage:359 - Loaded plugin projectmanager (category:projectmanager,tabindex:4)
2025-09-04 17:03:53,791 [INFO] PluginManage:310 - Check plugin rif
2025-09-04 17:03:53,802 [INFO] PluginManage:359 - Loaded plugin rif (category:base,tabindex:3)
2025-09-04 17:03:53,802 [INFO] PluginManage:310 - Check plugin thirdparty
2025-09-04 17:03:53,917 [INFO] PluginManage:359 - Loaded plugin thirdparty (category:base,tabindex:-1)
2025-09-04 17:03:53,917 [WARN] IntegrityCheckThread:84 - waiting for thirdparty lock release [integrity check]
2025-09-04 17:03:53,917 [INFO] PluginManage:310 - Check plugin tools
2025-09-04 17:03:53,917 [INFO] IntegrityCheckThread:86 - entering critical section [integrity check]
2025-09-04 17:03:53,917 [INFO] ThirdPartyUpdaterWithRetryManager:70 - Updater plugin not ready yet. [1/15]
2025-09-04 17:03:53,919 [INFO] PluginManage:359 - Loaded plugin tools (category:base,tabindex:7)
2025-09-04 17:03:53,919 [INFO] PluginManage:310 - Check plugin tutovideos
2025-09-04 17:03:54,128 [INFO] PluginManage:359 - Loaded plugin tutovideos (category:base,tabindex:-1)
2025-09-04 17:03:54,128 [INFO] PluginManage:310 - Check plugin updater
2025-09-04 17:03:54,151 [INFO] PluginManage:359 - Loaded plugin updater (category:base,tabindex:12)
2025-09-04 17:03:54,151 [INFO] PluginManage:310 - Check plugin userauth
2025-09-04 17:03:54,156 [INFO] UserAuth:118 - Init User Auth plugin
2025-09-04 17:03:54,157 [INFO] PluginManage:359 - Loaded plugin userauth (category:base,tabindex:14)
2025-09-04 17:03:54,157 [INFO] PluginManage:283 - PluginManage : Loaded plugins [18]
2025-09-04 17:03:54,384 [INFO] PinOutPanel:1589 - setPackage(No Configuration,No Configuration)
2025-09-04 17:03:54,473 [INFO] CADModel:165 - CPN selected for project level
2025-09-04 17:03:54,473 [INFO] CADModel:114 - Register for checkConnection events
2025-09-04 17:03:54,492 [INFO] IPUIPlugin:80 - create IPUIPlugin
2025-09-04 17:03:54,493 [INFO] PluginManager:220 - loadIPPluginJar : add adc
2025-09-04 17:03:54,495 [INFO] IPUIPlugin:80 - create IPUIPlugin
2025-09-04 17:03:54,495 [INFO] PluginManager:220 - loadIPPluginJar : add aes
2025-09-04 17:03:54,498 [INFO] IPUIPlugin:80 - create IPUIPlugin
2025-09-04 17:03:54,499 [INFO] PluginManager:220 - loadIPPluginJar : add can
2025-09-04 17:03:54,501 [INFO] IPUIPlugin:80 - create IPUIPlugin
2025-09-04 17:03:54,501 [INFO] PluginManager:220 - loadIPPluginJar : add comp
2025-09-04 17:03:54,504 [INFO] IPUIPlugin:80 - create IPUIPlugin
2025-09-04 17:03:54,504 [INFO] PluginManager:220 - loadIPPluginJar : add cryp
2025-09-04 17:03:54,507 [INFO] IPUIPlugin:80 - create IPUIPlugin
2025-09-04 17:03:54,507 [INFO] PluginManager:220 - loadIPPluginJar : add ddr_ctrl_phy
2025-09-04 17:03:54,510 [INFO] IPUIPlugin:80 - create IPUIPlugin
2025-09-04 17:03:54,510 [INFO] PluginManager:220 - loadIPPluginJar : add dfsdm
2025-09-04 17:03:54,516 [INFO] IPUIPlugin:80 - create IPUIPlugin
2025-09-04 17:03:54,516 [INFO] PluginManager:220 - loadIPPluginJar : add dma
2025-09-04 17:03:54,518 [INFO] IPUIPlugin:80 - create IPUIPlugin
2025-09-04 17:03:54,518 [INFO] PluginManager:220 - loadIPPluginJar : add dma3
2025-09-04 17:03:54,521 [INFO] IPUIPlugin:80 - create IPUIPlugin
2025-09-04 17:03:54,522 [INFO] PluginManager:220 - loadIPPluginJar : add extmemmanager
2025-09-04 17:03:54,523 [INFO] IPUIPlugin:80 - create IPUIPlugin
2025-09-04 17:03:54,523 [INFO] PluginManager:220 - loadIPPluginJar : add fatfs
2025-09-04 17:03:54,528 [INFO] IPUIPlugin:80 - create IPUIPlugin
2025-09-04 17:03:54,528 [INFO] PluginManager:220 - loadIPPluginJar : add fmc
2025-09-04 17:03:54,535 [INFO] IPUIPlugin:80 - create IPUIPlugin
2025-09-04 17:03:54,535 [INFO] PluginManager:220 - loadIPPluginJar : add freertos
2025-09-04 17:03:54,536 [INFO] IPUIPlugin:80 - create IPUIPlugin
2025-09-04 17:03:54,537 [INFO] PluginManager:220 - loadIPPluginJar : add genericplugin
2025-09-04 17:03:54,539 [INFO] IPUIPlugin:80 - create IPUIPlugin
2025-09-04 17:03:54,539 [INFO] PluginManager:220 - loadIPPluginJar : add gfxmmu
2025-09-04 17:03:54,544 [INFO] IPUIPlugin:80 - create IPUIPlugin
2025-09-04 17:03:54,544 [INFO] PluginManager:220 - loadIPPluginJar : add gic
2025-09-04 17:03:54,548 [INFO] IPUIPlugin:80 - create IPUIPlugin
2025-09-04 17:03:54,548 [INFO] PluginManager:220 - loadIPPluginJar : add gpio
2025-09-04 17:03:54,551 [INFO] IPUIPlugin:80 - create IPUIPlugin
2025-09-04 17:03:54,551 [INFO] PluginManager:220 - loadIPPluginJar : add gtzc
2025-09-04 17:03:54,553 [INFO] IPUIPlugin:80 - create IPUIPlugin
2025-09-04 17:03:54,553 [INFO] PluginManager:220 - loadIPPluginJar : add hash
2025-09-04 17:03:54,556 [INFO] IPUIPlugin:80 - create IPUIPlugin
2025-09-04 17:03:54,556 [INFO] PluginManager:220 - loadIPPluginJar : add i2c
2025-09-04 17:03:54,560 [INFO] IPUIPlugin:80 - create IPUIPlugin
2025-09-04 17:03:54,560 [INFO] PluginManager:220 - loadIPPluginJar : add i2s
2025-09-04 17:03:54,563 [INFO] IPUIPlugin:80 - create IPUIPlugin
2025-09-04 17:03:54,563 [INFO] PluginManager:220 - loadIPPluginJar : add i3c
2025-09-04 17:03:54,565 [INFO] IPUIPlugin:80 - create IPUIPlugin
2025-09-04 17:03:54,565 [INFO] PluginManager:220 - loadIPPluginJar : add ipddr
2025-09-04 17:03:54,570 [INFO] IPUIPlugin:80 - create IPUIPlugin
2025-09-04 17:03:54,570 [INFO] PluginManager:220 - loadIPPluginJar : add linkedlist
2025-09-04 17:03:54,574 [INFO] IPUIPlugin:80 - create IPUIPlugin
2025-09-04 17:03:54,574 [INFO] PluginManager:220 - loadIPPluginJar : add lorawan
2025-09-04 17:03:54,577 [INFO] IPUIPlugin:80 - create IPUIPlugin
2025-09-04 17:03:54,577 [INFO] PluginManager:220 - loadIPPluginJar : add ltdc
2025-09-04 17:03:54,582 [INFO] IPUIPlugin:80 - create IPUIPlugin
2025-09-04 17:03:54,582 [INFO] PluginManager:220 - loadIPPluginJar : add mdma
2025-09-04 17:03:54,586 [INFO] IPUIPlugin:80 - create IPUIPlugin
2025-09-04 17:03:54,586 [INFO] PluginManager:220 - loadIPPluginJar : add nvic
2025-09-04 17:03:54,589 [INFO] IPUIPlugin:80 - create IPUIPlugin
2025-09-04 17:03:54,589 [INFO] PluginManager:220 - loadIPPluginJar : add opamp
2025-09-04 17:03:54,594 [INFO] IPUIPlugin:80 - create IPUIPlugin
2025-09-04 17:03:54,594 [INFO] PluginManager:220 - loadIPPluginJar : add openamp
2025-09-04 17:03:54,597 [INFO] IPUIPlugin:80 - create IPUIPlugin
2025-09-04 17:03:54,597 [INFO] PluginManager:220 - loadIPPluginJar : add pdm2pcm
2025-09-04 17:03:54,604 [INFO] IPUIPlugin:80 - create IPUIPlugin
2025-09-04 17:03:54,607 [INFO] PluginManager:220 - loadIPPluginJar : add plateformsettings
2025-09-04 17:03:54,610 [INFO] IPUIPlugin:80 - create IPUIPlugin
2025-09-04 17:03:54,610 [INFO] PluginManager:220 - loadIPPluginJar : add quadspi
2025-09-04 17:03:54,612 [INFO] IPUIPlugin:80 - create IPUIPlugin
2025-09-04 17:03:54,613 [INFO] PluginManager:220 - loadIPPluginJar : add radio
2025-09-04 17:03:54,617 [INFO] IPUIPlugin:80 - create IPUIPlugin
2025-09-04 17:03:54,617 [INFO] PluginManager:220 - loadIPPluginJar : add resmgrutility
2025-09-04 17:03:54,621 [INFO] IPUIPlugin:80 - create IPUIPlugin
2025-09-04 17:03:54,621 [INFO] PluginManager:220 - loadIPPluginJar : add sai
2025-09-04 17:03:54,624 [INFO] IPUIPlugin:80 - create IPUIPlugin
2025-09-04 17:03:54,624 [INFO] PluginManager:220 - loadIPPluginJar : add spi
2025-09-04 17:03:54,632 [INFO] IPUIPlugin:80 - create IPUIPlugin
2025-09-04 17:03:54,632 [INFO] PluginManager:220 - loadIPPluginJar : add stm32_wpan
2025-09-04 17:03:54,635 [INFO] IPUIPlugin:80 - create IPUIPlugin
2025-09-04 17:03:54,635 [INFO] PluginManager:220 - loadIPPluginJar : add tim
2025-09-04 17:03:54,638 [INFO] IPUIPlugin:80 - create IPUIPlugin
2025-09-04 17:03:54,639 [INFO] PluginManager:220 - loadIPPluginJar : add touchsensing
2025-09-04 17:03:54,641 [INFO] IPUIPlugin:80 - create IPUIPlugin
2025-09-04 17:03:54,641 [INFO] PluginManager:220 - loadIPPluginJar : add tracer_emb
2025-09-04 17:03:54,644 [INFO] IPUIPlugin:80 - create IPUIPlugin
2025-09-04 17:03:54,644 [INFO] PluginManager:220 - loadIPPluginJar : add ts
2025-09-04 17:03:54,646 [INFO] IPUIPlugin:80 - create IPUIPlugin
2025-09-04 17:03:54,646 [INFO] PluginManager:220 - loadIPPluginJar : add tsc
2025-09-04 17:03:54,648 [INFO] IPUIPlugin:80 - create IPUIPlugin
2025-09-04 17:03:54,648 [INFO] PluginManager:220 - loadIPPluginJar : add ucpd
2025-09-04 17:03:54,650 [INFO] IPUIPlugin:80 - create IPUIPlugin
2025-09-04 17:03:54,650 [INFO] PluginManager:220 - loadIPPluginJar : add usart
2025-09-04 17:03:54,654 [INFO] IPUIPlugin:80 - create IPUIPlugin
2025-09-04 17:03:54,655 [INFO] PluginManager:220 - loadIPPluginJar : add usbx
2025-09-04 17:03:54,780 [FATAL] Updater:351 - Updater called before beeing initialized
2025-09-04 17:03:54,804 [INFO] RulesReader:64 - Compatibility file has been processed (317 Rules)
2025-09-04 17:03:54,814 [INFO] RulesReader:64 - Compatibility file has been processed (317 Rules)
2025-09-04 17:03:54,822 [INFO] CADModel:165 - CPN selected for project level
2025-09-04 17:03:54,822 [INFO] CADModel:114 - Register for checkConnection events
2025-09-04 17:03:54,822 [FATAL] Updater:351 - Updater called before beeing initialized
2025-09-04 17:03:54,822 [ERROR] CADModel:125 - Updater not yet initialized, retry later 
2025-09-04 17:03:54,983 [FATAL] Updater:351 - Updater called before beeing initialized
2025-09-04 17:03:54,985 [INFO] CADModel:165 - CPN selected for project level
2025-09-04 17:03:54,985 [INFO] CADModel:114 - Register for checkConnection events
2025-09-04 17:03:54,985 [FATAL] Updater:351 - Updater called before beeing initialized
2025-09-04 17:03:54,985 [ERROR] CADModel:125 - Updater not yet initialized, retry later 
2025-09-04 17:03:54,987 [FATAL] Updater:351 - Updater called before beeing initialized
2025-09-04 17:03:55,081 [FATAL] Updater:351 - Updater called before beeing initialized
2025-09-04 17:03:55,084 [INFO] DbMcusAds:53 - JSON generation date=Tue Jul 08 15:14:23 ICT 2025 (1751962463582)
2025-09-04 17:03:55,084 [FATAL] Updater:351 - Updater called before beeing initialized
2025-09-04 17:03:55,122 [WARN] DetailPanel:346 - Failed to get advertising image, set to default
2025-09-04 17:03:55,193 [FATAL] Updater:351 - Updater called before beeing initialized
2025-09-04 17:03:55,195 [FATAL] Updater:351 - Updater called before beeing initialized
2025-09-04 17:03:55,195 [FATAL] Updater:351 - Updater called before beeing initialized
2025-09-04 17:03:55,195 [WARN] DetailPanel:346 - Failed to get advertising image, set to default
2025-09-04 17:03:55,196 [FATAL] Updater:351 - Updater called before beeing initialized
2025-09-04 17:03:55,238 [ERROR] Updater:1198 - MainUpdater not yet initialized. External WinMGr cannot be set.
2025-09-04 17:03:55,240 [INFO] Updater:1134 - Updater Version found : 6.15.0
2025-09-04 17:03:55,256 [INFO] ApplicationProperties:184 - Using Application install path: C:\ST\STM32CubeIDE_1.19.0\STM32CubeIDE\plugins\com.st.stm32cube.common.mx_6.15.0.202507011659
2025-09-04 17:03:56,652 [INFO] MainUpdater:2872 - connection check result : 10
2025-09-04 17:03:56,652 [INFO] MainUpdater:289 - Updater Check For Update Now.
2025-09-04 17:03:56,652 [INFO] MicroXplorer:498 - Change Database Version : DB.6.0.150
2025-09-04 17:03:56,658 [INFO] McuFinderGlobals:63 - Set McuFinder mode to 2 (CubeIDE integrated)
2025-09-04 17:03:56,659 [INFO] UserAuth:487 - Internet connection configuration mode: 1
2025-09-04 17:03:56,681 [INFO] JxBrowserEngine:152 - Initiate JxBrowser Engine with user profile folder
2025-09-04 17:03:56,819 [INFO] CheckServerUpdateThread:120 - End of CheckServer Thread
2025-09-04 17:03:57,106 [WARN] PackLoader:240 - Cannot read IP mode file for STMicroelectronics.FP-SNS-MOTENVWB1.1.4.0
2025-09-04 17:03:57,113 [WARN] PackLoader:240 - Cannot read IP mode file for STMicroelectronics.FP-ATR-ASTRA1.2.0.2
2025-09-04 17:03:57,119 [WARN] PackLoader:240 - Cannot read IP mode file for STMicroelectronics.X-CUBE-SMBUS.2.1.0
2025-09-04 17:03:57,124 [WARN] PackLoader:240 - Cannot read IP mode file for STMicroelectronics.X-CUBE-ST60.1.0.0
2025-09-04 17:03:57,145 [WARN] PackLoader:240 - Cannot read IP mode file for STMicroelectronics.X-CUBE-AZRTOS-F7.1.1.0
2025-09-04 17:03:57,165 [WARN] PackLoader:240 - Cannot read IP mode file for Infineon.AIROC-Wi-Fi-Bluetooth-STM32.1.7.1
2025-09-04 17:03:57,206 [WARN] PackLoader:240 - Cannot read IP mode file for STMicroelectronics.X-CUBE-AZRTOS-H7.3.4.0
2025-09-04 17:03:57,216 [WARN] PackLoader:240 - Cannot read IP mode file for STMicroelectronics.X-CUBE-DISPLAY.3.0.0
2025-09-04 17:03:57,227 [WARN] PackLoader:240 - Cannot read IP mode file for STMicroelectronics.X-CUBE-NFC10.1.0.0
2025-09-04 17:03:57,233 [WARN] PackLoader:240 - Cannot read IP mode file for emotas.I-CUBE-CANOPEN.1.3.0
2025-09-04 17:03:57,238 [WARN] PackLoader:240 - Cannot read IP mode file for STMicroelectronics.FP-SNS-STBOX1.2.1.0
2025-09-04 17:03:57,244 [WARN] PackLoader:240 - Cannot read IP mode file for STMicroelectronics.FP-SNS-SMARTAG2.1.2.0
2025-09-04 17:03:57,247 [WARN] PackLoader:240 - Cannot read IP mode file for STMicroelectronics.FP-SNS-FLIGHT1.5.1.0
2025-09-04 17:03:57,255 [INFO] LogOutputStream:77 - [STDOUT_REDIRECT] 1 : Invalid condition id : UX_CORESTACK_Condition cause : null
2025-09-04 17:03:57,256 [INFO] LogOutputStream:77 - [STDOUT_REDIRECT] 1 : Invalid condition id : UX_CORESTACK_Condition cause : null
2025-09-04 17:03:57,256 [INFO] LogOutputStream:77 - [STDOUT_REDIRECT] 1 : Invalid condition id : UX_CORESTACK_Condition cause : null
2025-09-04 17:03:57,257 [INFO] LogOutputStream:77 - [STDOUT_REDIRECT] 1 : Invalid condition id : UX_CORESTACK_Condition cause : null
2025-09-04 17:03:57,259 [INFO] LogOutputStream:77 - [STDOUT_REDIRECT] 1 : Invalid condition id : UX_CORESTACK_Condition cause : null
2025-09-04 17:03:57,260 [WARN] PackLoader:240 - Cannot read IP mode file for STMicroelectronics.X-CUBE-AZRTOS-WL.2.0.0
2025-09-04 17:03:57,265 [WARN] PackLoader:240 - Cannot read IP mode file for STMicroelectronics.FP-SNS-MOTENV1.5.0.0
2025-09-04 17:03:57,273 [WARN] PackLoader:240 - Cannot read IP mode file for WES.I-CUBE-Cesium.1.3.0
2025-09-04 17:03:57,277 [WARN] PackLoader:240 - Cannot read IP mode file for STMicroelectronics.X-CUBE-BLE2.3.3.0
2025-09-04 17:03:57,283 [WARN] PackLoader:240 - Cannot read IP mode file for STMicroelectronics.X-CUBE-NFC9.1.0.0
2025-09-04 17:03:57,288 [WARN] PackLoader:240 - Cannot read IP mode file for wolfSSL.I-CUBE-wolfSSL.5.8.0
2025-09-04 17:03:57,294 [WARN] PackLoader:240 - Cannot read IP mode file for STMicroelectronics.X-CUBE-BLE1.7.1.0
2025-09-04 17:03:57,298 [WARN] PackLoader:240 - Cannot read IP mode file for wolfSSL.I-CUBE-wolfMQTT.1.19.2
2025-09-04 17:03:57,303 [WARN] PackLoader:240 - Cannot read IP mode file for STMicroelectronics.X-CUBE-EEPRMA1.5.2.0
2025-09-04 17:03:57,310 [WARN] PackLoader:240 - Cannot read IP mode file for STMicroelectronics.X-CUBE-AI.10.1.0
2025-09-04 17:03:57,321 [WARN] PackLoader:240 - Cannot read IP mode file for STMicroelectronics.X-CUBE-AZRTOS-G0.1.1.0
2025-09-04 17:03:57,328 [WARN] PackLoader:240 - Cannot read IP mode file for STMicroelectronics.X-CUBE-SAFEA1.1.2.2
2025-09-04 17:03:57,335 [WARN] PackLoader:240 - Cannot read IP mode file for STMicroelectronics.X-CUBE-NFC4.3.0.0
2025-09-04 17:03:57,342 [WARN] PackLoader:240 - Cannot read IP mode file for EmbeddedOffice.I-CUBE-FS-RTOS.1.0.1
2025-09-04 17:03:57,346 [WARN] PackLoader:240 - Cannot read IP mode file for STMicroelectronics.X-CUBE-WB05N.2.0.0
2025-09-04 17:03:57,352 [WARN] PackLoader:240 - Cannot read IP mode file for wolfSSL.I-CUBE-wolfTPM.3.8.0
2025-09-04 17:03:57,357 [WARN] PackLoader:240 - Cannot read IP mode file for STMicroelectronics.X-CUBE-TCPP.4.2.0
2025-09-04 17:03:57,362 [WARN] PackLoader:240 - Cannot read IP mode file for RealThread.X-CUBE-RT-Thread_Nano.4.1.1
2025-09-04 17:03:57,366 [WARN] PackLoader:240 - Cannot read IP mode file for STMicroelectronics.FP-ATR-SIGFOX1.3.2.0
2025-09-04 17:03:57,371 [WARN] PackLoader:240 - Cannot read IP mode file for ITTIA_DB.I-CUBE-ITTIADB.8.9.0
2025-09-04 17:03:57,377 [WARN] PackLoader:240 - Cannot read IP mode file for STMicroelectronics.X-CUBE-ST67W61.1.0.0
2025-09-04 17:03:57,394 [WARN] PackLoader:240 - Cannot read IP mode file for SEGGER.I-CUBE-embOS.1.3.1
2025-09-04 17:03:57,425 [WARN] PackLoader:240 - Cannot read IP mode file for STMicroelectronics.X-CUBE-ALGOBUILD.1.4.0
2025-09-04 17:03:57,470 [WARN] PackLoader:240 - Cannot read IP mode file for STMicroelectronics.X-CUBE-MEMS1.11.3.0
2025-09-04 17:03:57,560 [WARN] PackLoader:240 - Cannot read IP mode file for STMicroelectronics.X-CUBE-PM33A1.1.0.0
2025-09-04 17:03:57,574 [WARN] PackLoader:240 - Cannot read IP mode file for STMicroelectronics.X-CUBE-AZRTOS-F4.1.1.0
2025-09-04 17:03:57,582 [WARN] PackLoader:240 - Cannot read IP mode file for Avnet-IotConnect.X-CUBE-IoTC-DA16k-PMOD.1.0.0
2025-09-04 17:03:57,588 [WARN] PackLoader:240 - Cannot read IP mode file for STMicroelectronics.X-CUBE-ISPU.2.1.0
2025-09-04 17:03:57,594 [WARN] PackLoader:240 - Cannot read IP mode file for STMicroelectronics.X-CUBE-NFC12.1.0.0
2025-09-04 17:03:57,607 [WARN] PackLoader:240 - Cannot read IP mode file for STMicroelectronics.X-CUBE-AZRTOS-L5.2.0.0
2025-09-04 17:03:57,615 [WARN] PackLoader:240 - Cannot read IP mode file for STMicroelectronics.X-CUBE-NFC6.3.1.0
2025-09-04 17:03:57,623 [WARN] PackLoader:240 - Cannot read IP mode file for STMicroelectronics.X-CUBE-FREERTOS.1.3.1
2025-09-04 17:03:57,629 [WARN] PackLoader:240 - Cannot read IP mode file for STMicroelectronics.FP-SNS-STAIOTCFT.1.0.0
2025-09-04 17:03:57,635 [WARN] PackLoader:240 - Cannot read IP mode file for STMicroelectronics.X-CUBE-DPower.1.3.0
2025-09-04 17:03:57,651 [WARN] ConditionMgr:438 - getConditionDescription Invalid condition id : LAN8742 Phy interface Condition cause : null
2025-09-04 17:03:57,652 [WARN] PackLoader:240 - Cannot read IP mode file for STMicroelectronics.X-CUBE-AZRTOS-L4.2.0.0
2025-09-04 17:03:57,653 [WARN] ConditionMgr:1044 - genDependencies : Invalid condition id : LAN8742 Phy interface Condition cause : null
2025-09-04 17:03:57,653 [WARN] ConditionMgr:1044 - genDependencies : Invalid condition id : LAN8742 Phy interface Condition cause : null
2025-09-04 17:03:57,654 [WARN] ConditionMgr:1044 - genDependencies : Invalid condition id : LAN8742 Phy interface Condition cause : null
2025-09-04 17:03:57,663 [WARN] PackLoader:240 - Cannot read IP mode file for STMicroelectronics.X-CUBE-SFXS2LP1.4.0.0
2025-09-04 17:03:57,674 [WARN] PackLoader:240 - Cannot read IP mode file for STMicroelectronics.X-CUBE-BLEMGR.4.1.0
2025-09-04 17:03:57,686 [WARN] ConditionMgr:438 - getConditionDescription Invalid condition id : UX DEVICE CLASS RTOS Condition cause : null
2025-09-04 17:03:57,686 [WARN] ConditionMgr:438 - getConditionDescription Invalid condition id : UX DEVICE CLASS RTOS Condition cause : null
2025-09-04 17:03:57,688 [WARN] PackLoader:240 - Cannot read IP mode file for STMicroelectronics.X-CUBE-AZRTOS-WB.2.0.0
2025-09-04 17:03:57,688 [WARN] ConditionMgr:1044 - genDependencies : Invalid condition id : UX DEVICE CLASS RTOS Condition cause : null
2025-09-04 17:03:57,688 [WARN] ConditionMgr:1044 - genDependencies : Invalid condition id : UX DEVICE CLASS RTOS Condition cause : null
2025-09-04 17:03:57,688 [WARN] ConditionMgr:1044 - genDependencies : Invalid condition id : UX DEVICE CLASS RTOS Condition cause : null
2025-09-04 17:03:57,688 [WARN] ConditionMgr:1044 - genDependencies : Invalid condition id : UX DEVICE CLASS RTOS Condition cause : null
2025-09-04 17:03:57,688 [WARN] ConditionMgr:1044 - genDependencies : Invalid condition id : UX DEVICE CLASS RTOS Condition cause : null
2025-09-04 17:03:57,695 [WARN] PackLoader:240 - Cannot read IP mode file for STMicroelectronics.X-CUBE-GNSS1.7.0.1
2025-09-04 17:03:57,703 [WARN] PackLoader:240 - Cannot read IP mode file for STMicroelectronics.X-CUBE-TOUCHGFX.4.25.0
2025-09-04 17:03:57,709 [WARN] PackLoader:240 - Cannot read IP mode file for STMicroelectronics.FP-SNS-STBOX1.2.0.0
2025-09-04 17:03:57,717 [WARN] ConditionMgr:438 - getConditionDescription Invalid condition id : Cortex-A Device cause : null
2025-09-04 17:03:57,732 [WARN] ConditionMgr:1044 - genDependencies : Invalid condition id : Cortex-A Device cause : null
2025-09-04 17:03:57,733 [WARN] ConditionMgr:1044 - genDependencies : Invalid condition id : Cortex-A Device cause : null
2025-09-04 17:03:57,733 [WARN] ConditionMgr:1044 - genDependencies : Invalid condition id : Cortex-A Device cause : null
2025-09-04 17:03:57,745 [WARN] PackLoader:240 - Cannot read IP mode file for STMicroelectronics.X-CUBE-SUBG2.5.0.0
2025-09-04 17:03:57,775 [WARN] PackLoader:240 - Cannot read IP mode file for STMicroelectronics.X-CUBE-AZRTOS-H7RS.1.1.0
2025-09-04 17:03:57,784 [WARN] PackLoader:240 - Cannot read IP mode file for Cesanta.I-CUBE-Mongoose.7.13.0
2025-09-04 17:03:57,798 [WARN] PackLoader:240 - Cannot read IP mode file for STMicroelectronics.X-CUBE-AZRTOS-G4.2.0.0
2025-09-04 17:03:57,809 [WARN] PackLoader:240 - Cannot read IP mode file for wolfSSL.I-CUBE-wolfSSH.1.4.20
2025-09-04 17:03:57,816 [WARN] PackLoader:240 - Cannot read IP mode file for STMicroelectronics.X-CUBE-NFC7.2.0.0
2025-09-04 17:03:57,858 [WARN] PackLoader:240 - Cannot read IP mode file for STMicroelectronics.X-CUBE-IPS.3.1.0
2025-09-04 17:03:58,074 [WARN] PackLoader:240 - Cannot read IP mode file for STMicroelectronics.X-CUBE-ALS.1.0.2
2025-09-04 17:03:58,081 [WARN] PackLoader:240 - Cannot read IP mode file for portGmbH.I-Cube-SoM-uGOAL.1.1.0
2025-09-04 17:03:58,090 [WARN] PackLoader:240 - Cannot read IP mode file for STMicroelectronics.X-CUBE-TOF1.3.4.3
2025-09-04 17:03:58,100 [INFO] ThirdParty:978 - Integrity check success = true
2025-09-04 17:03:58,100 [INFO] IntegrityCheckThread:100 - exiting critical section [integrity check]
2025-09-04 17:03:58,100 [INFO] IntegrityCheckThread:103 - End integrity checks thread
2025-09-04 17:03:58,583 [INFO] WebApp:169 - Instantiating new browser for Auth
2025-09-04 17:03:59,286 [INFO] WebApp:463 - Apply proxy settings
2025-09-04 17:03:59,286 [INFO] WebApp:548 - Chromium requires no authentication
2025-09-04 17:03:59,299 [INFO] WebApp:491 - Direct internet connection detected
2025-09-04 17:03:59,329 [INFO] WebApp:900 - Register for checkConnection events
2025-09-04 17:03:59,329 [INFO] WebApp:463 - Apply proxy settings
2025-09-04 17:03:59,330 [INFO] WebApp:548 - Chromium requires no authentication
2025-09-04 17:03:59,330 [INFO] WebApp:491 - Direct internet connection detected
2025-09-04 17:03:59,517 [INFO] WebApp:225 - Starting web application
2025-09-04 17:03:59,517 [INFO] WebApp:593 - Web application path used C:\ST\STM32CubeIDE_1.19.0\STM32CubeIDE\plugins\com.st.stm32cube.common.mx_6.15.0.202507011659\db\plugins\mcufinder\reactClient1\index.html
2025-09-04 17:03:59,649 [INFO] UserAuth:487 - Internet connection configuration mode: 1
2025-09-04 17:04:00,030 [INFO] WebApp:191 - Connection restablished
2025-09-04 17:05:13,653 [ERROR] LogOutputStream:75 - [STDERR_REDIRECT] 
